<?xml version="1.0" encoding="UTF-8" ?>
<testsuite errors="0" failures="0" hostname="straylight" name="org.simonwells.CellularAutomata.PatternTest" tests="2" time="0.061" timestamp="2011-01-22T12:59:49">
  <properties>
[...]
</properties>
  <testcase classname="org.simonwells.CellularAutomata.PatternTest" name="testSize" time="0.0080" />
  <testcase classname="org.simonwells.CellularAutomata.PatternTest" name="testContents" time="0.0010" />
  <system-out><![CDATA[]]></system-out>
  <system-err><![CDATA[]]></system-err>
</testsuite>
